-------------------------------------------------------------------------------
Test set: com.microservices.demo.config.twitter.to.kafka.service.TwitterToKafkaServiceApplicationTest
-------------------------------------------------------------------------------
Tests run: 1, Failures: 0, Errors: 1, Skipped: 0, Time elapsed: 1.916 s <<< FAILURE! - in com.microservices.demo.config.twitter.to.kafka.service.TwitterToKafkaServiceApplicationTest
contextLoad  Time elapsed: 0.004 s  <<< ERROR!
java.lang.IllegalStateException: Failed to load ApplicationContext for [ReactiveWebMergedContextConfiguration@6342ff7f testClass = com.microservices.demo.config.twitter.to.kafka.service.TwitterToKafkaServiceApplicationTest, locations = [], classes = [com.microservices.demo.config.twitter.to.kafka.service.TwitterToKafkaServiceApplication], contextInitializerClasses = [], activeProfiles = [], propertySourceLocations = [], propertySourceProperties = ["org.springframework.boot.test.context.SpringBootTestContextBootstrapper=true"], contextCustomizers = [org.springframework.boot.test.context.filter.ExcludeFilterContextCustomizer@291a7e3c, org.springframework.boot.test.json.DuplicateJsonObjectContextCustomizerFactory$DuplicateJsonObjectContextCustomizer@5505ae1a, org.springframework.boot.test.mock.mockito.MockitoContextCustomizer@0, org.springframework.boot.test.web.client.TestRestTemplateContextCustomizer@3adcc812, org.springframework.boot.test.web.reactive.server.WebTestClientContextCustomizer@4b41dd5c, org.springframework.boot.test.autoconfigure.actuate.observability.ObservabilityContextCustomizerFactory$DisableObservabilityContextCustomizer@9da1, org.springframework.boot.test.autoconfigure.properties.PropertyMappingContextCustomizer@0, org.springframework.boot.test.autoconfigure.web.servlet.WebDriverContextCustomizerFactory$Customizer@34c01041, org.springframework.boot.test.context.SpringBootTestAnnotation@6a13922b], contextLoader = org.springframework.boot.test.context.SpringBootContextLoader, parent = null]
Caused by: org.springframework.beans.factory.UnsatisfiedDependencyException: Error creating bean with name 'kafkaStreamInitializer' defined in file [D:\Workspaces\SpringToolsSuite\udemy\microservices-demo\microservices-demo\twitter-to-kafka-service\target\classes\com\microservices\demo\config\twitter\to\kafka\service\init\impl\KafkaStreamInitializer.class]: Unsatisfied dependency expressed through constructor parameter 1: Error creating bean with name 'kafkaAdminClient' defined in URL [jar:file:/D:/Workspaces/SpringToolsSuite/udemy/microservices-demo/microservices-demo/kafka/kafka-admin/target/kafka-admin-0.0.1-SNAPSHOT.jar!/com/microservices/demo/kafka/admin/client/KafkaAdminClient.class]: Unsatisfied dependency expressed through constructor parameter 2: No qualifying bean of type 'org.apache.kafka.clients.admin.AdminClient' available: expected at least 1 bean which qualifies as autowire candidate. Dependency annotations: {}
Caused by: org.springframework.beans.factory.UnsatisfiedDependencyException: Error creating bean with name 'kafkaAdminClient' defined in URL [jar:file:/D:/Workspaces/SpringToolsSuite/udemy/microservices-demo/microservices-demo/kafka/kafka-admin/target/kafka-admin-0.0.1-SNAPSHOT.jar!/com/microservices/demo/kafka/admin/client/KafkaAdminClient.class]: Unsatisfied dependency expressed through constructor parameter 2: No qualifying bean of type 'org.apache.kafka.clients.admin.AdminClient' available: expected at least 1 bean which qualifies as autowire candidate. Dependency annotations: {}
Caused by: org.springframework.beans.factory.NoSuchBeanDefinitionException: No qualifying bean of type 'org.apache.kafka.clients.admin.AdminClient' available: expected at least 1 bean which qualifies as autowire candidate. Dependency annotations: {}

